<?xml version="1.0" encoding="UTF-8"?>
<coverage generated="1650050834421" clover="3.2.0">
  <project timestamp="1650050834421" name="All files">
    <metrics statements="6" coveredstatements="4" conditionals="0" coveredconditionals="0" methods="1" coveredmethods="0" elements="7" coveredelements="4" complexity="0" loc="6" ncloc="6" packages="1" files="1" classes="1"/>
    <file name="start.ts" path="/mnt/DADOS/Meus Documentos/src/Robot/src/start.ts">
      <metrics statements="6" coveredstatements="4" conditionals="0" coveredconditionals="0" methods="1" coveredmethods="0"/>
      <line num="1" count="1" type="stmt"/>
      <line num="2" count="1" type="stmt"/>
      <line num="3" count="1" type="stmt"/>
      <line num="4" count="0" type="stmt"/>
      <line num="5" count="0" type="stmt"/>
      <line num="6" count="1" type="stmt"/>
    </file>
  </project>
</coverage>
