{"/mnt/DADOS/Meus Documentos/src/Robot/src/start.ts": {"path":"/mnt/DADOS/Meus Documentos/src/Robot/src/start.ts","all":false,"statementMap":{"0":{"start":{"line":1,"column":0},"end":{"line":1,"column":31}},"1":{"start":{"line":2,"column":0},"end":{"line":2,"column":20}},"2":{"start":{"line":3,"column":0},"end":{"line":3,"column":24}},"3":{"start":{"line":4,"column":0},"end":{"line":4,"column":27}},"4":{"start":{"line":5,"column":0},"end":{"line":5,"column":3}},"5":{"start":{"line":6,"column":0},"end":{"line":6,"column":1}}},"s":{"0":1,"1":1,"2":1,"3":0,"4":0,"5":1},"branchMap":{},"b":{},"fnMap":{"0":{"name":"start","decl":{"start":{"line":3,"column":15},"end":{"line":5,"column":3}},"loc":{"start":{"line":3,"column":15},"end":{"line":5,"column":3}},"line":3}},"f":{"0":0}}
}
